<?xml version="1.0" encoding="UTF-8"?>
<coverage generated="1724409497217" clover="3.2.0">
  <project timestamp="1724409497218" name="All files">
    <metrics statements="11" coveredstatements="11" conditionals="5" coveredconditionals="5" methods="1" coveredmethods="1" elements="17" coveredelements="17" complexity="0" loc="11" ncloc="11" packages="1" files="1" classes="1"/>
    <file name="index.ts" path="D:\learing\ts\ts-learn\packages\array-first\src\index.ts">
      <metrics statements="11" coveredstatements="11" conditionals="5" coveredconditionals="5" methods="1" coveredmethods="1"/>
      <line num="1" count="1" type="stmt"/>
      <line num="2" count="5" type="cond" truecount="1" falsecount="0"/>
      <line num="3" count="5" type="stmt"/>
      <line num="4" count="5" type="cond" truecount="1" falsecount="0"/>
      <line num="5" count="1" type="stmt"/>
      <line num="6" count="1" type="stmt"/>
      <line num="7" count="3" type="cond" truecount="1" falsecount="0"/>
      <line num="8" count="5" type="cond" truecount="2" falsecount="0"/>
      <line num="9" count="5" type="stmt"/>
      <line num="10" count="1" type="stmt"/>
      <line num="11" count="1" type="stmt"/>
    </file>
  </project>
</coverage>
