{"D:\\learing\\ts\\ts-learn\\packages\\array-first\\src\\index.ts": {"path":"D:\\learing\\ts\\ts-learn\\packages\\array-first\\src\\index.ts","all":false,"statementMap":{"0":{"start":{"line":1,"column":0},"end":{"line":1,"column":0}},"1":{"start":{"line":2,"column":0},"end":{"line":2,"column":58}},"2":{"start":{"line":3,"column":0},"end":{"line":3,"column":27}},"3":{"start":{"line":4,"column":0},"end":{"line":4,"column":20}},"4":{"start":{"line":5,"column":0},"end":{"line":5,"column":54}},"5":{"start":{"line":6,"column":0},"end":{"line":6,"column":5}},"6":{"start":{"line":7,"column":0},"end":{"line":7,"column":0}},"7":{"start":{"line":8,"column":0},"end":{"line":8,"column":18}},"8":{"start":{"line":9,"column":0},"end":{"line":9,"column":70}},"9":{"start":{"line":10,"column":0},"end":{"line":10,"column":5}},"10":{"start":{"line":11,"column":0},"end":{"line":11,"column":0}},"11":{"start":{"line":12,"column":0},"end":{"line":12,"column":44}},"12":{"start":{"line":13,"column":0},"end":{"line":13,"column":1}},"13":{"start":{"line":14,"column":0},"end":{"line":14,"column":0}},"14":{"start":{"line":15,"column":0},"end":{"line":15,"column":26}}},"s":{"0":1,"1":6,"2":6,"3":6,"4":1,"5":1,"6":4,"7":6,"8":1,"9":1,"10":3,"11":6,"12":6,"13":1,"14":1},"branchMap":{"0":{"type":"branch","line":2,"loc":{"start":{"line":2,"column":0},"end":{"line":13,"column":1}},"locations":[{"start":{"line":2,"column":0},"end":{"line":13,"column":1}}]},"1":{"type":"branch","line":4,"loc":{"start":{"line":4,"column":19},"end":{"line":6,"column":5}},"locations":[{"start":{"line":4,"column":19},"end":{"line":6,"column":5}}]},"2":{"type":"branch","line":7,"loc":{"start":{"line":7,"column":-2},"end":{"line":8,"column":17}},"locations":[{"start":{"line":7,"column":-2},"end":{"line":8,"column":17}}]},"3":{"type":"branch","line":8,"loc":{"start":{"line":8,"column":17},"end":{"line":10,"column":5}},"locations":[{"start":{"line":8,"column":17},"end":{"line":10,"column":5}}]},"4":{"type":"branch","line":11,"loc":{"start":{"line":11,"column":-2},"end":{"line":12,"column":19}},"locations":[{"start":{"line":11,"column":-2},"end":{"line":12,"column":19}}]},"5":{"type":"branch","line":12,"loc":{"start":{"line":12,"column":18},"end":{"line":12,"column":26}},"locations":[{"start":{"line":12,"column":18},"end":{"line":12,"column":26}}]},"6":{"type":"branch","line":12,"loc":{"start":{"line":12,"column":26},"end":{"line":12,"column":43}},"locations":[{"start":{"line":12,"column":26},"end":{"line":12,"column":43}}]}},"b":{"0":[6],"1":[1],"2":[4],"3":[1],"4":[3],"5":[2],"6":[1]},"fnMap":{"0":{"name":"arrayFirst","decl":{"start":{"line":2,"column":0},"end":{"line":13,"column":1}},"loc":{"start":{"line":2,"column":0},"end":{"line":13,"column":1}},"line":2}},"f":{"0":6}}
}
